d:\...game hacking\c++\casual gamer yt f\src files\dx11hook-master2\dx11hook-master\build\intermediate\vc143.pdb
d:\...game hacking\c++\casual gamer yt f\src files\dx11hook-master2\dx11hook-master\build\intermediate\main.obj
d:\...game hacking\c++\casual gamer yt f\src files\dx11hook-master2\dx11hook-master\build\intermediate\imgui_widgets.obj
d:\...game hacking\c++\casual gamer yt f\src files\dx11hook-master2\dx11hook-master\build\intermediate\imgui_tables.obj
d:\...game hacking\c++\casual gamer yt f\src files\dx11hook-master2\dx11hook-master\build\intermediate\imgui_impl_win32.obj
d:\...game hacking\c++\casual gamer yt f\src files\dx11hook-master2\dx11hook-master\build\intermediate\imgui_impl_dx11.obj
d:\...game hacking\c++\casual gamer yt f\src files\dx11hook-master2\dx11hook-master\build\intermediate\imgui_draw.obj
d:\...game hacking\c++\casual gamer yt f\src files\dx11hook-master2\dx11hook-master\build\intermediate\imgui_demo.obj
d:\...game hacking\c++\casual gamer yt f\src files\dx11hook-master2\dx11hook-master\build\intermediate\imgui.obj
d:\...game hacking\c++\casual gamer yt f\src files\dx11hook-master2\dx11hook-master\build\dx11hook.dll
d:\...game hacking\c++\casual gamer yt f\src files\dx11hook-master2\dx11hook-master\build\intermediate\dx11hook.ipdb
d:\...game hacking\c++\casual gamer yt f\src files\dx11hook-master2\dx11hook-master\build\dx11hook.pdb
d:\...game hacking\c++\casual gamer yt f\src files\dx11hook-master2\dx11hook-master\build\intermediate\dx11hook.iobj
d:\...game hacking\c++\casual gamer yt f\src files\dx11hook-master2\dx11hook-master\build\intermediate\dx11hook.vcxproj.filelistabsolute.txt
d:\...game hacking\c++\casual gamer yt f\src files\dx11hook-master2\dx11hook-master\build\intermediate\dx11hook.tlog\cl.command.1.tlog
d:\...game hacking\c++\casual gamer yt f\src files\dx11hook-master2\dx11hook-master\build\intermediate\dx11hook.tlog\cl.items.tlog
d:\...game hacking\c++\casual gamer yt f\src files\dx11hook-master2\dx11hook-master\build\intermediate\dx11hook.tlog\cl.read.1.tlog
d:\...game hacking\c++\casual gamer yt f\src files\dx11hook-master2\dx11hook-master\build\intermediate\dx11hook.tlog\cl.write.1.tlog
d:\...game hacking\c++\casual gamer yt f\src files\dx11hook-master2\dx11hook-master\build\intermediate\dx11hook.tlog\link.command.1.tlog
d:\...game hacking\c++\casual gamer yt f\src files\dx11hook-master2\dx11hook-master\build\intermediate\dx11hook.tlog\link.read.1.tlog
d:\...game hacking\c++\casual gamer yt f\src files\dx11hook-master2\dx11hook-master\build\intermediate\dx11hook.tlog\link.write.1.tlog
